{"contracts\\SafeBank.sol":{"l":{"12":8,"13":7,"14":7,"19":3,"20":3,"21":2,"22":2,"23":2,"28":4},"path":"C:\\Users\\krygo\\Documents\\GitHub\\solidity\\SafeBankProject\\contracts\\SafeBank.sol","s":{"1":8,"2":7,"3":3,"4":3,"5":2,"6":2,"7":4},"b":{"1":[7,1],"2":[3,0],"3":[2,1]},"f":{"1":8,"2":3,"3":4},"fnMap":{"1":{"name":"deposit","line":11,"loc":{"start":{"line":11,"column":4},"end":{"line":15,"column":4}}},"2":{"name":"withdraw","line":18,"loc":{"start":{"line":18,"column":4},"end":{"line":24,"column":4}}},"3":{"name":"getBalance","line":27,"loc":{"start":{"line":27,"column":4},"end":{"line":29,"column":4}}}},"statementMap":{"1":{"start":{"line":12,"column":8},"end":{"line":12,"column":51}},"2":{"start":{"line":14,"column":8},"end":{"line":14,"column":43}},"3":{"start":{"line":19,"column":8},"end":{"line":19,"column":48}},"4":{"start":{"line":20,"column":8},"end":{"line":20,"column":70}},"5":{"start":{"line":22,"column":8},"end":{"line":22,"column":43}},"6":{"start":{"line":23,"column":8},"end":{"line":23,"column":41}},"7":{"start":{"line":28,"column":8},"end":{"line":28,"column":29}}},"branchMap":{"1":{"line":12,"type":"if","locations":[{"start":{"line":12,"column":8},"end":{"line":12,"column":8}},{"start":{"line":12,"column":8},"end":{"line":12,"column":8}}]},"2":{"line":19,"type":"if","locations":[{"start":{"line":19,"column":8},"end":{"line":19,"column":8}},{"start":{"line":19,"column":8},"end":{"line":19,"column":8}}]},"3":{"line":20,"type":"if","locations":[{"start":{"line":20,"column":8},"end":{"line":20,"column":8}},{"start":{"line":20,"column":8},"end":{"line":20,"column":8}}]}}}}